\BOOKMARK [1][-]{section.1}{Introduction}{}% 1
\BOOKMARK [1][-]{section.2}{Model and Methods}{}% 2
\BOOKMARK [2][-]{subsection.2.1}{Statistical Model}{section.2}% 3
\BOOKMARK [2][-]{subsection.2.2}{Methods}{section.2}% 4
\BOOKMARK [2][-]{subsection.2.3}{Model evaluation measures}{section.2}% 5
\BOOKMARK [1][-]{section.3}{Simulation Study}{}% 6
\BOOKMARK [2][-]{subsubsection.3.0.1}{Simulating Macroeconomic Series}{section.3}% 7
\BOOKMARK [3][-]{subsubsection.3.0.2}{Simulating Return Series}{subsubsection.3.0.1}% 8
\BOOKMARK [3][-]{subsubsection.3.0.3}{Sample Splitting}{subsubsection.3.0.1}% 9
\BOOKMARK [2][-]{subsection.3.1}{Simulation Study Results}{section.3}% 10
\BOOKMARK [1][-]{section.4}{Empirical analysis}{}% 11
\BOOKMARK [2][-]{subsection.4.1}{Data}{section.4}% 12
\BOOKMARK [2][-]{subsection.4.2}{Empirical Data Results}{section.4}% 13
\BOOKMARK [1][-]{section.5}{Conclusion}{}% 14
\BOOKMARK [2][-]{subsection.5.1}{Retrieval of style files}{section.5}% 15
\BOOKMARK [1][-]{section.6}{General formatting instructions}{}% 16
\BOOKMARK [1][-]{section.7}{Headings: first level}{}% 17
\BOOKMARK [2][-]{subsection.7.1}{Headings: second level}{section.7}% 18
\BOOKMARK [3][-]{subsubsection.7.1.1}{Headings: third level}{subsection.7.1}% 19
\BOOKMARK [1][-]{section.8}{Citations, figures, tables, references}{}% 20
\BOOKMARK [2][-]{subsection.8.1}{Citations within the text}{section.8}% 21
\BOOKMARK [2][-]{subsection.8.2}{Footnotes}{section.8}% 22
\BOOKMARK [2][-]{subsection.8.3}{Figures}{section.8}% 23
\BOOKMARK [2][-]{subsection.8.4}{Tables}{section.8}% 24
\BOOKMARK [1][-]{section.9}{Final instructions}{}% 25
\BOOKMARK [1][-]{section.10}{Preparing PDF files}{}% 26
\BOOKMARK [2][-]{subsection.10.1}{Margins in LaTeX}{section.10}% 27
\BOOKMARK [1][-]{appendix.A}{Additional details: simulation design}{}% 28
\BOOKMARK [2][-]{subsection.A.1}{Simulation Design}{appendix.A}% 29
\BOOKMARK [3][-]{subsubsection.A.1.1}{Simulating Characteristics}{subsection.A.1}% 30
\BOOKMARK [3][-]{subsubsection.A.1.2}{Simulating Macroeconomic Series}{subsection.A.1}% 31
\BOOKMARK [3][-]{subsubsection.A.1.3}{Simulating Return Series}{subsection.A.1}% 32
\BOOKMARK [3][-]{subsubsection.A.1.4}{Sample Splitting}{subsection.A.1}% 33
\BOOKMARK [2][-]{subsection.A.2}{Simulation Study Results}{appendix.A}% 34
\BOOKMARK [3][-]{subsubsection.A.2.1}{Prediction Performance}{subsection.A.2}% 35
\BOOKMARK [2][-]{subsection.A.3}{Random Forest VIMPs}{appendix.A}% 36
\BOOKMARK [1][-]{appendix.A}{Additional details: Empirical analysis}{}% 37
\BOOKMARK [2][-]{subsection.A.1}{Data}{appendix.A}% 38
\BOOKMARK [2][-]{subsection.A.2}{Empirical Data Robustness Checks}{appendix.A}% 39
\BOOKMARK [2][-]{subsection.A.3}{Empirical Data Results}{appendix.A}% 40
\BOOKMARK [3][-]{subsubsection.A.3.1}{Prediction Accuracy}{subsection.A.3}% 41
