\BOOKMARK [1][-]{section.1}{Introduction}{}% 1
\BOOKMARK [2][-]{subsection.1.1}{Primary Contributions}{section.1}% 2
\BOOKMARK [2][-]{subsection.1.2}{Background Literature and Motivations}{section.1}% 3
\BOOKMARK [2][-]{subsection.1.3}{Main Findings}{section.1}% 4
\BOOKMARK [1][-]{section.2}{Model Specification and Methodology}{}% 5
\BOOKMARK [2][-]{subsection.2.1}{Model Specification}{section.2}% 6
\BOOKMARK [2][-]{subsection.2.2}{Methodology}{section.2}% 7
\BOOKMARK [3][-]{subsubsection.2.2.1}{Sample Splitting}{subsection.2.2}% 8
\BOOKMARK [3][-]{subsubsection.2.2.2}{Loss Function}{subsection.2.2}% 9
\BOOKMARK [2][-]{subsection.2.3}{Linear Models}{section.2}% 10
\BOOKMARK [3][-]{subsubsection.2.3.1}{Penalized Linear Models}{subsection.2.3}% 11
\BOOKMARK [3][-]{subsubsection.2.3.2}{Classification and Regression Trees}{subsection.2.3}% 12
\BOOKMARK [3][-]{subsubsection.2.3.3}{Random Forests}{subsection.2.3}% 13
\BOOKMARK [3][-]{subsubsection.2.3.4}{Neural Networks}{subsection.2.3}% 14
\BOOKMARK [3][-]{subsubsection.2.3.5}{Model Evaluation}{subsection.2.3}% 15
\BOOKMARK [1][-]{section.3}{Simulation Study}{}% 16
\BOOKMARK [2][-]{subsection.3.1}{Simulation Design}{section.3}% 17
\BOOKMARK [3][-]{subsubsection.3.1.1}{Overall Design}{subsection.3.1}% 18
\BOOKMARK [3][-]{subsubsection.3.1.2}{Simulating Characteristics}{subsection.3.1}% 19
\BOOKMARK [3][-]{subsubsection.3.1.3}{Simulating Macroeconomic Series}{subsection.3.1}% 20
\BOOKMARK [3][-]{subsubsection.3.1.4}{Simulating Return Series}{subsection.3.1}% 21
\BOOKMARK [3][-]{subsubsection.3.1.5}{Sample Splitting}{subsection.3.1}% 22
\BOOKMARK [2][-]{subsection.3.2}{Simulation Study Results}{section.3}% 23
\BOOKMARK [1][-]{section.4}{Empirical Study}{}% 24
\BOOKMARK [2][-]{subsection.4.1}{Motivation}{section.4}% 25
\BOOKMARK [2][-]{subsection.4.2}{Data}{section.4}% 26
\BOOKMARK [2][-]{subsection.4.3}{Empirical Data Results}{section.4}% 27
\BOOKMARK [3][-]{subsubsection.4.3.1}{Prediction Accuracy}{subsection.4.3}% 28
\BOOKMARK [1][-]{section.5}{Conclusion}{}% 29
\BOOKMARK [1][-]{section.6}{Appendix}{}% 30
\BOOKMARK [2][-]{subsection.6.1}{Data}{section.6}% 31
\BOOKMARK [2][-]{subsection.6.2}{Additional Results}{section.6}% 32
\BOOKMARK [3][-]{subsubsection.6.2.1}{Simulation Study}{subsection.6.2}% 33
\BOOKMARK [3][-]{subsubsection.6.2.2}{Empirical Study}{subsection.6.2}% 34
\BOOKMARK [2][-]{subsection.6.3}{Computational Details}{section.6}% 35
\BOOKMARK [3][-]{subsubsection.6.3.1}{Linear Models}{subsection.6.3}% 36
\BOOKMARK [3][-]{subsubsection.6.3.2}{Penalized Linear}{subsection.6.3}% 37
\BOOKMARK [3][-]{subsubsection.6.3.3}{Classification and Regression Trees}{subsection.6.3}% 38
\BOOKMARK [3][-]{subsubsection.6.3.4}{Random Forest}{subsection.6.3}% 39
\BOOKMARK [3][-]{subsubsection.6.3.5}{Neural Networks}{subsection.6.3}% 40
\BOOKMARK [3][-]{subsubsection.6.3.6}{Tuning of Simulated Datasets}{subsection.6.3}% 41
